0 info it worked if it ends with ok
1 verbose cli [ 'C:\\Program Files\\nodejs\\node.exe',
1 verbose cli   'C:\\Program Files\\nodejs\\node_modules\\npm\\bin\\npm-cli.js',
1 verbose cli   'i',
1 verbose cli   'antd',
1 verbose cli   '--save' ]
2 info using npm@3.10.10
3 info using node@v6.11.1
4 silly loadCurrentTree Starting
5 silly install loadCurrentTree
6 silly install readLocalPackageData
7 silly fetchPackageMetaData antd
8 silly fetchNamedPackageData antd
9 silly mapToRegistry name antd
10 silly mapToRegistry using default registry
11 silly mapToRegistry registry https://registry.npmjs.org/
12 silly mapToRegistry data Result {
12 silly mapToRegistry   raw: 'antd',
12 silly mapToRegistry   scope: null,
12 silly mapToRegistry   escapedName: 'antd',
12 silly mapToRegistry   name: 'antd',
12 silly mapToRegistry   rawSpec: '',
12 silly mapToRegistry   spec: 'latest',
12 silly mapToRegistry   type: 'tag' }
13 silly mapToRegistry uri https://registry.npmjs.org/antd
14 verbose request uri https://registry.npmjs.org/antd
15 verbose request no auth needed
16 info attempt registry request try #1 at 22:30:43
17 verbose request id 5bbbacb896f002d3
18 verbose etag W/"59886d54-119ac2"
19 verbose lastModified Mon, 07 Aug 2017 13:38:28 GMT
20 http request GET https://registry.npmjs.org/antd
21 http 304 https://registry.npmjs.org/antd
22 verbose headers { date: 'Tue, 08 Aug 2017 14:32:11 GMT',
22 verbose headers   via: '1.1 varnish',
22 verbose headers   'cache-control': 'max-age=300',
22 verbose headers   etag: 'W/"59886d54-119ac2"',
22 verbose headers   age: '129',
22 verbose headers   connection: 'keep-alive',
22 verbose headers   'x-served-by': 'cache-nrt6125-NRT',
22 verbose headers   'x-cache': 'HIT',
22 verbose headers   'x-cache-hits': '1',
22 verbose headers   'x-timer': 'S1502202731.334845,VS0,VE1',
22 verbose headers   vary: 'Accept-Encoding, Accept' }
23 silly get cb [ 304,
23 silly get   { date: 'Tue, 08 Aug 2017 14:32:11 GMT',
23 silly get     via: '1.1 varnish',
23 silly get     'cache-control': 'max-age=300',
23 silly get     etag: 'W/"59886d54-119ac2"',
23 silly get     age: '129',
23 silly get     connection: 'keep-alive',
23 silly get     'x-served-by': 'cache-nrt6125-NRT',
23 silly get     'x-cache': 'HIT',
23 silly get     'x-cache-hits': '1',
23 silly get     'x-timer': 'S1502202731.334845,VS0,VE1',
23 silly get     vary: 'Accept-Encoding, Accept' } ]
24 verbose etag https://registry.npmjs.org/antd from cache
25 verbose get saving antd to C:\Users\heguangjin\AppData\Roaming\npm-cache\registry.npmjs.org\antd\.cache.json
26 verbose correctMkdir C:\Users\heguangjin\AppData\Roaming\npm-cache correctMkdir not in flight; initializing
27 silly install normalizeTree
28 silly loadCurrentTree Finishing
29 silly loadIdealTree Starting
30 silly install loadIdealTree
31 silly cloneCurrentTree Starting
32 silly install cloneCurrentTreeToIdealTree
33 silly cloneCurrentTree Finishing
34 silly loadShrinkwrap Starting
35 silly install loadShrinkwrap
36 silly loadShrinkwrap Finishing
37 silly loadAllDepsIntoIdealTree Starting
38 silly install loadAllDepsIntoIdealTree
39 silly resolveWithNewModule antd@2.12.5 checking installable status
40 silly cache add args [ 'antd', null ]
41 verbose cache add spec antd
42 silly cache add parsed spec Result {
42 silly cache add   raw: 'antd',
42 silly cache add   scope: null,
42 silly cache add   escapedName: 'antd',
42 silly cache add   name: 'antd',
42 silly cache add   rawSpec: '',
42 silly cache add   spec: 'latest',
42 silly cache add   type: 'tag' }
43 silly addNamed antd@latest
44 verbose addNamed "latest" is being treated as a dist-tag for antd
45 info addNameTag [ 'antd', 'latest' ]
46 silly mapToRegistry name antd
47 silly mapToRegistry using default registry
48 silly mapToRegistry registry https://registry.npmjs.org/
49 silly mapToRegistry data Result {
49 silly mapToRegistry   raw: 'antd',
49 silly mapToRegistry   scope: null,
49 silly mapToRegistry   escapedName: 'antd',
49 silly mapToRegistry   name: 'antd',
49 silly mapToRegistry   rawSpec: '',
49 silly mapToRegistry   spec: 'latest',
49 silly mapToRegistry   type: 'tag' }
50 silly mapToRegistry uri https://registry.npmjs.org/antd
51 verbose addNameTag registry:https://registry.npmjs.org/antd not in flight; fetching
52 verbose get https://registry.npmjs.org/antd not expired, no request
53 silly addNameTag next cb for antd with tag latest
54 silly addNamed antd@2.12.5
55 verbose addNamed "2.12.5" is a plain semver version for antd
56 silly mapToRegistry name antd
57 silly mapToRegistry using default registry
58 silly mapToRegistry registry https://registry.npmjs.org/
59 silly mapToRegistry data Result {
59 silly mapToRegistry   raw: 'antd',
59 silly mapToRegistry   scope: null,
59 silly mapToRegistry   escapedName: 'antd',
59 silly mapToRegistry   name: 'antd',
59 silly mapToRegistry   rawSpec: '',
59 silly mapToRegistry   spec: 'latest',
59 silly mapToRegistry   type: 'tag' }
60 silly mapToRegistry uri https://registry.npmjs.org/antd
61 verbose addRemoteTarball https://registry.npmjs.org/antd/-/antd-2.12.5.tgz not in flight; adding
62 verbose addRemoteTarball [ 'https://registry.npmjs.org/antd/-/antd-2.12.5.tgz',
62 verbose addRemoteTarball   '33026a36f13dc1bec1beee88267dc1772110c381' ]
63 info retry fetch attempt 1 at 22:30:53
64 info attempt registry request try #1 at 22:30:53
65 http fetch GET https://registry.npmjs.org/antd/-/antd-2.12.5.tgz
66 http fetch 200 https://registry.npmjs.org/antd/-/antd-2.12.5.tgz
67 info retry will retry, error on last attempt: Error: read ECONNRESET
68 silly fetchAndShaCheck shasum 33026a36f13dc1bec1beee88267dc1772110c381
69 silly rollbackFailedOptional Starting
70 silly rollbackFailedOptional Finishing
71 silly runTopLevelLifecycles Finishing
72 silly install printInstalled
73 verbose stack Error: shasum check failed for C:\Users\HEGUAN~1\AppData\Local\Temp\npm-6844-3d9d481e\registry.npmjs.org\antd\-\antd-2.12.5.tgz
73 verbose stack Expected: 33026a36f13dc1bec1beee88267dc1772110c381
73 verbose stack Actual:   fe1b0645fa58097067ad2f936f9dba0cde66e5bb
73 verbose stack From:     https://registry.npmjs.org/antd/-/antd-2.12.5.tgz
73 verbose stack     at C:\Program Files\nodejs\node_modules\npm\node_modules\sha\index.js:25:8
73 verbose stack     at ReadStream.<anonymous> (C:\Program Files\nodejs\node_modules\npm\node_modules\sha\index.js:72:7)
73 verbose stack     at emitNone (events.js:91:20)
73 verbose stack     at ReadStream.emit (events.js:185:7)
73 verbose stack     at endReadableNT (_stream_readable.js:974:12)
73 verbose stack     at _combinedTickCallback (internal/process/next_tick.js:80:11)
73 verbose stack     at process._tickCallback (internal/process/next_tick.js:104:9)
74 verbose cwd C:\Users\heguangjin\Desktop\mydouban
75 error Windows_NT 6.3.9600
76 error argv "C:\\Program Files\\nodejs\\node.exe" "C:\\Program Files\\nodejs\\node_modules\\npm\\bin\\npm-cli.js" "i" "antd" "--save"
77 error node v6.11.1
78 error npm  v3.10.10
79 error shasum check failed for C:\Users\HEGUAN~1\AppData\Local\Temp\npm-6844-3d9d481e\registry.npmjs.org\antd\-\antd-2.12.5.tgz
79 error Expected: 33026a36f13dc1bec1beee88267dc1772110c381
79 error Actual:   fe1b0645fa58097067ad2f936f9dba0cde66e5bb
79 error From:     https://registry.npmjs.org/antd/-/antd-2.12.5.tgz
80 error If you need help, you may report this error at:
80 error     <https://github.com/npm/npm/issues>
81 verbose exit [ 1, true ]
